<?xml version="1.0" encoding="UTF-8"?>
<!-- Generated by org.testng.reporters.JUnitReportReporter -->
<testsuite hostname="APPCWLAP1051" name="takamol.TC11_TakamolE2E_MedicalOrSupportiveDevicesService" tests="1" failures="0" timestamp="28 Feb 2023 08:17:53 GMT" time="72.826" errors="0">
  <testcase name="testCaseFlow" time="72.826" classname="takamol.TC11_TakamolE2E_MedicalOrSupportiveDevicesService"/>
</testsuite> <!-- takamol.TC11_TakamolE2E_MedicalOrSupportiveDevicesService -->
