<?xml version="1.0" encoding="UTF-8"?>
<!-- Generated by org.testng.reporters.JUnitReportReporter -->
<testsuite hostname="CADCVPSALUSM069" name="sales.TS179_RegValidateInventoryWholesalePage" tests="1" failures="0" timestamp="31 May 2021 18:40:53 GMT" time="105.382" errors="0">
  <testcase name="testCaseFlow" time="105.382" classname="sales.TS179_RegValidateInventoryWholesalePage"/>
</testsuite> <!-- sales.TS179_RegValidateInventoryWholesalePage -->
