<?xml version="1.0" encoding="UTF-8"?>
<!-- Generated by org.testng.reporters.JUnitReportReporter -->
<testsuite hostname="CADCVPSALUSM069" name="current.TS119_NotificationSettingNavigationFromDashboard" tests="1" failures="0" timestamp="1 Jun 2021 15:23:09 GMT" time="57.432" errors="0">
  <testcase name="testCaseFlow" time="57.432" classname="current.TS119_NotificationSettingNavigationFromDashboard"/>
</testsuite> <!-- current.TS119_NotificationSettingNavigationFromDashboard -->
