<?xml version="1.0" encoding="UTF-8"?>
<!-- Generated by org.testng.reporters.JUnitReportReporter -->
<testsuite hostname="CADCVPSALUSM069" name="service.TS131_LaunchPTSSInfoLink" tests="1" failures="0" timestamp="26 May 2021 09:20:12 GMT" time="83.579" errors="0">
  <testcase name="testCaseFlow" time="83.579" classname="service.TS131_LaunchPTSSInfoLink"/>
</testsuite> <!-- service.TS131_LaunchPTSSInfoLink -->
