<?xml version="1.0" encoding="UTF-8"?>
<!-- Generated by org.testng.reporters.JUnitReportReporter -->
<testsuite hostname="CADCVPSALUSM069" name="sales.TS175_RegValidateRetailNewDetails" tests="1" failures="0" timestamp="31 May 2021 18:40:53 GMT" time="312.009" errors="0">
  <testcase name="testCaseFlow" time="312.009" classname="sales.TS175_RegValidateRetailNewDetails"/>
</testsuite> <!-- sales.TS175_RegValidateRetailNewDetails -->
