<?xml version="1.0" encoding="UTF-8"?>
<!-- Generated by org.testng.reporters.JUnitReportReporter -->
<testsuite hostname="APPCWLAP1051" name="takamol.TC08_TakamolE2E_DisabilityClassificationServiceForUniversityStudents" tests="1" failures="0" timestamp="27 Feb 2023 06:31:49 GMT" time="37.327" errors="0">
  <testcase name="testCaseFlow" time="37.327" classname="takamol.TC08_TakamolE2E_DisabilityClassificationServiceForUniversityStudents"/>
</testsuite> <!-- takamol.TC08_TakamolE2E_DisabilityClassificationServiceForUniversityStudents -->
