<?xml version="1.0" encoding="UTF-8"?>
<!-- Generated by org.testng.reporters.JUnitReportReporter -->
<testsuite hostname="CADCVPSALUSM069" name="service.TS171_Service_ExportsearchresultsinExcelfile" tests="1" failures="0" timestamp="2 Jun 2021 15:56:31 GMT" time="88.462" errors="0">
  <testcase name="testCaseFlow" time="88.462" classname="service.TS171_Service_ExportsearchresultsinExcelfile"/>
</testsuite> <!-- service.TS171_Service_ExportsearchresultsinExcelfile -->
