<?xml version="1.0" encoding="UTF-8"?>
<!-- Generated by org.testng.reporters.JUnitReportReporter -->
<testsuite hostname="CADCVPSALUSM069" name="sales.TS195_RegAbleToSearchWithModelPaintWithoutPackageUphInvetoryTypeIthPreferredDealersForCars" tests="1" failures="0" timestamp="31 May 2021 18:40:53 GMT" time="636.164" errors="0">
  <testcase name="testCaseFlow" time="636.164" classname="sales.TS195_RegAbleToSearchWithModelPaintWithoutPackageUphInvetoryTypeIthPreferredDealersForCars"/>
</testsuite> <!-- sales.TS195_RegAbleToSearchWithModelPaintWithoutPackageUphInvetoryTypeIthPreferredDealersForCars -->
