<?xml version="1.0" encoding="UTF-8"?>
<!-- Generated by org.testng.reporters.JUnitReportReporter -->
<testsuite hostname="CADCVPSALUSM069" name="wsgonline.TS148_SearchByContractNumber" tests="1" failures="0" timestamp="2 Jun 2021 15:56:31 GMT" time="73.937" errors="0">
  <testcase name="testCaseFlow" time="73.937" classname="wsgonline.TS148_SearchByContractNumber"/>
</testsuite> <!-- wsgonline.TS148_SearchByContractNumber -->
