<?xml version="1.0" encoding="UTF-8"?>
<!-- Generated by org.testng.reporters.JUnitReportReporter -->
<testsuite hostname="APPCWLAP1051" name="takamol.TC05_TakamolE2E_FriendlyFamiliesProgram" tests="1" failures="0" timestamp="16 Feb 2023 12:17:35 GMT" time="417.051" errors="0">
  <testcase name="testCaseFlow" time="417.051" classname="takamol.TC05_TakamolE2E_FriendlyFamiliesProgram"/>
</testsuite> <!-- takamol.TC05_TakamolE2E_FriendlyFamiliesProgram -->
