<?xml version="1.0" encoding="UTF-8"?>
<!-- Generated by org.testng.reporters.JUnitReportReporter -->
<testsuite hostname="CADCVPSALUSM069" name="wsgonline.TS146_SearchByRONumber" tests="1" failures="0" timestamp="2 Jun 2021 15:56:31 GMT" time="73.022" errors="0">
  <testcase name="testCaseFlow" time="73.022" classname="wsgonline.TS146_SearchByRONumber"/>
</testsuite> <!-- wsgonline.TS146_SearchByRONumber -->
