<?xml version="1.0" encoding="UTF-8"?>
<!-- Generated by org.testng.reporters.JUnitReportReporter -->
<testsuite hostname="CADCVPSALUSM069" name="wsgonline.TS142_SelectCaseStatus" tests="1" failures="0" timestamp="2 Jun 2021 15:56:31 GMT" time="71.168" errors="0">
  <testcase name="testCaseFlow" time="71.168" classname="wsgonline.TS142_SelectCaseStatus"/>
</testsuite> <!-- wsgonline.TS142_SelectCaseStatus -->
