<?xml version="1.0" encoding="UTF-8"?>
<!-- Generated by org.testng.reporters.JUnitReportReporter -->
<testsuite hostname="APPCWLAP1051" name="takamol.TC10_TakamolE2E_DisabilityAssessment" tests="1" failures="0" timestamp="16 Feb 2023 06:06:02 GMT" time="36.966" errors="0">
  <testcase name="testCaseFlow" time="36.966" classname="takamol.TC10_TakamolE2E_DisabilityAssessment"/>
</testsuite> <!-- takamol.TC10_TakamolE2E_DisabilityAssessment -->
