<?xml version="1.0" encoding="UTF-8"?>
<!-- Generated by org.testng.reporters.JUnitReportReporter -->
<testsuite hostname="CADCVPSALUSM069" name="current.TS106_Announcements" tests="1" failures="0" timestamp="1 Jun 2021 15:23:09 GMT" time="298.822" errors="0">
  <testcase name="testCaseFlow" time="298.822" classname="current.TS106_Announcements"/>
</testsuite> <!-- current.TS106_Announcements -->
