<?xml version="1.0" encoding="UTF-8"?>
<!-- Generated by org.testng.reporters.JUnitReportReporter -->
<testsuite hostname="CADCVPSALUSM069" name="sales.TS174_RegValidateMSRPDetailsOfSmartCars" tests="1" failures="0" timestamp="31 May 2021 18:40:53 GMT" time="75.762" errors="0">
  <testcase name="testCaseFlow" time="75.762" classname="sales.TS174_RegValidateMSRPDetailsOfSmartCars"/>
</testsuite> <!-- sales.TS174_RegValidateMSRPDetailsOfSmartCars -->
