<?xml version="1.0" encoding="UTF-8"?>
<!-- Generated by org.testng.reporters.JUnitReportReporter -->
<testsuite hostname="CADCVPSALUSM069" name="current.TS117_ChangeDefaultPagefForHelpAndSupport" tests="1" failures="0" timestamp="1 Jun 2021 15:23:09 GMT" time="239.732" errors="0">
  <testcase name="testCaseFlow" time="239.732" classname="current.TS117_ChangeDefaultPagefForHelpAndSupport"/>
</testsuite> <!-- current.TS117_ChangeDefaultPagefForHelpAndSupport -->
