<?xml version="1.0" encoding="UTF-8"?>
<!-- Generated by org.testng.reporters.JUnitReportReporter -->
<testsuite hostname="APPCWLAP1051" name="takamol.TC12_TakamolE2E_FinancialAidRequest" tests="1" failures="0" timestamp="27 Feb 2023 06:31:49 GMT" time="77.119" errors="0">
  <testcase name="testCaseFlow" time="77.119" classname="takamol.TC12_TakamolE2E_FinancialAidRequest"/>
</testsuite> <!-- takamol.TC12_TakamolE2E_FinancialAidRequest -->
