<?xml version="1.0" encoding="UTF-8"?>
<!-- Generated by org.testng.reporters.JUnitReportReporter -->
<testsuite hostname="CADCVPSALUSM069" name="service.TS166_UsershouldbeabletofindthedamagesearchdetailsofCarVanSmart" tests="1" failures="0" timestamp="26 May 2021 09:20:12 GMT" time="233.859" errors="0">
  <testcase name="testCaseFlow" time="233.859" classname="service.TS166_UsershouldbeabletofindthedamagesearchdetailsofCarVanSmart"/>
</testsuite> <!-- service.TS166_UsershouldbeabletofindthedamagesearchdetailsofCarVanSmart -->
