<?xml version="1.0" encoding="UTF-8"?>
<!-- Generated by org.testng.reporters.JUnitReportReporter -->
<testsuite hostname="APPCWLAP1051" name="takamol.TC24_TakamolE2E_SupportService_ObjectionService" tests="1" failures="0" timestamp="27 Feb 2023 06:31:49 GMT" time="81.510" errors="0">
  <testcase name="testCaseFlow" time="81.510" classname="takamol.TC24_TakamolE2E_SupportService_ObjectionService"/>
</testsuite> <!-- takamol.TC24_TakamolE2E_SupportService_ObjectionService -->
