<?xml version="1.0" encoding="UTF-8"?>
<!-- Generated by org.testng.reporters.JUnitReportReporter -->
<testsuite hostname="LAPTOP-99DIM3N2" failures="0" tests="1" name="canadaUserSmokeTestCases.TS_CAUserSmokeVerification" time="133.010" errors="0" timestamp="18 Jul 2021 16:39:43 GMT">
  <testcase classname="canadaUserSmokeTestCases.TS_CAUserSmokeVerification" name="testCaseFlow" time="133.010"/>
</testsuite> <!-- canadaUserSmokeTestCases.TS_CAUserSmokeVerification -->
