<?xml version="1.0" encoding="UTF-8"?>
<!-- Generated by org.testng.reporters.JUnitReportReporter -->
<testsuite hostname="APPCWLAP1051" name="takamol.TC27_TakamolE2E_HostingaOrphanService" tests="1" failures="0" timestamp="18 Feb 2023 17:00:28 GMT" time="325.689" errors="0">
  <testcase name="testCaseFlow" time="325.689" classname="takamol.TC27_TakamolE2E_HostingaOrphanService"/>
</testsuite> <!-- takamol.TC27_TakamolE2E_HostingaOrphanService -->
