<?xml version="1.0" encoding="UTF-8"?>
<!-- Generated by org.testng.reporters.JUnitReportReporter -->
<testsuite hostname="APPCWLAP1051" name="takamol.TC04_TakamolE2E_DisabilityAssessment" tests="1" failures="0" timestamp="27 Feb 2023 06:31:49 GMT" time="190.833" errors="0">
  <testcase name="testCaseFlow" time="190.833" classname="takamol.TC04_TakamolE2E_DisabilityAssessment"/>
</testsuite> <!-- takamol.TC04_TakamolE2E_DisabilityAssessment -->
