<?xml version="1.0" encoding="UTF-8"?>
<!-- Generated by org.testng.reporters.JUnitReportReporter -->
<testsuite hostname="CADCVPSALUSM069" name="wsgonline.TS157_SaveCommentsDealerResponse" tests="1" failures="0" timestamp="2 Jun 2021 15:56:31 GMT" time="211.044" errors="0">
  <testcase name="testCaseFlow" time="211.044" classname="wsgonline.TS157_SaveCommentsDealerResponse"/>
</testsuite> <!-- wsgonline.TS157_SaveCommentsDealerResponse -->
