<?xml version="1.0" encoding="UTF-8"?>
<!-- Generated by org.testng.reporters.JUnitReportReporter -->
<testsuite hostname="APPCWLAP1051" name="takamol.TC22_TakamolE2E_MarriageBenefit" tests="1" failures="0" timestamp="16 Feb 2023 06:09:55 GMT" time="208.477" errors="0">
  <testcase name="testCaseFlow" time="208.477" classname="takamol.TC22_TakamolE2E_MarriageBenefit"/>
</testsuite> <!-- takamol.TC22_TakamolE2E_MarriageBenefit -->
