<?xml version="1.0" encoding="UTF-8"?>
<!-- Generated by org.testng.reporters.JUnitReportReporter -->
<testsuite hostname="APPCWLAP1051" name="takamol.TC13_TakamolE2E_ObjectionService" tests="1" failures="0" timestamp="27 Feb 2023 06:31:49 GMT" time="32.751" errors="0">
  <testcase name="testCaseFlow" time="32.751" classname="takamol.TC13_TakamolE2E_ObjectionService"/>
</testsuite> <!-- takamol.TC13_TakamolE2E_ObjectionService -->
