<?xml version="1.0" encoding="UTF-8"?>
<!-- Generated by org.testng.reporters.JUnitReportReporter -->
<testsuite hostname="APPCWLAP1051" name="takamol.TC14_TakamolE2E_HomeSocialCare" tests="1" failures="0" timestamp="28 Feb 2023 06:48:29 GMT" time="32.591" errors="0">
  <testcase name="testCaseFlow" time="32.591" classname="takamol.TC14_TakamolE2E_HomeSocialCare"/>
</testsuite> <!-- takamol.TC14_TakamolE2E_HomeSocialCare -->
