<?xml version="1.0" encoding="UTF-8"?>
<!-- Generated by org.testng.reporters.JUnitReportReporter -->
<testsuite hostname="LAPTOP-K219L5FO" name="takamol.TC01_TakamolE2EServiceRequest" tests="1" failures="0" timestamp="29 Sep 2022 06:07:51 GMT" time="30.069" errors="0">
  <testcase name="testCaseFlow" time="30.069" classname="takamol.TC01_TakamolE2EServiceRequest"/>
</testsuite> <!-- takamol.TC01_TakamolE2EServiceRequest -->
