<?xml version="1.0" encoding="UTF-8"?>
<!-- Generated by org.testng.reporters.JUnitReportReporter -->
<testsuite hostname="CADCVPSALUSM069" name="service.TS123_LaunchEPDILink" tests="1" failures="0" timestamp="26 May 2021 09:20:12 GMT" time="90.622" errors="0">
  <testcase name="testCaseFlow" time="90.622" classname="service.TS123_LaunchEPDILink"/>
</testsuite> <!-- service.TS123_LaunchEPDILink -->
