<?xml version="1.0" encoding="UTF-8"?>
<!-- Generated by org.testng.reporters.JUnitReportReporter -->
<testsuite hostname="APPCWLAP1051" name="takamol.TC05_TakamolE2E_IssueOfDisabledScense" tests="1" failures="0" timestamp="27 Feb 2023 06:31:49 GMT" time="41.747" errors="0">
  <testcase name="testCaseFlow" time="41.747" classname="takamol.TC05_TakamolE2E_IssueOfDisabledScense"/>
</testsuite> <!-- takamol.TC05_TakamolE2E_IssueOfDisabledScense -->
