<?xml version="1.0" encoding="UTF-8"?>
<!-- Generated by org.testng.reporters.JUnitReportReporter -->
<testsuite hostname="CADCVPSALUSM069" name="service.TS136_EditCaseStatus" tests="1" failures="0" timestamp="26 May 2021 09:20:12 GMT" time="109.334" errors="0">
  <testcase name="testCaseFlow" time="109.334" classname="service.TS136_EditCaseStatus"/>
</testsuite> <!-- service.TS136_EditCaseStatus -->
