<?xml version="1.0" encoding="UTF-8"?>
<!-- Generated by org.testng.reporters.JUnitReportReporter -->
<testsuite hostname="CADCVPSALUSM069" name="service.TS124_LaunchGuideManuals" tests="1" failures="0" timestamp="26 May 2021 09:20:12 GMT" time="91.360" errors="0">
  <testcase name="testCaseFlow" time="91.360" classname="service.TS124_LaunchGuideManuals"/>
</testsuite> <!-- service.TS124_LaunchGuideManuals -->
