<?xml version="1.0" encoding="UTF-8"?>
<!-- Generated by org.testng.reporters.JUnitReportReporter -->
<testsuite hostname="APPCWLAP1051" name="takamol.TC01_TakamolE2E_LORServiceRequest" tests="1" failures="0" timestamp="28 Feb 2023 06:48:29 GMT" time="239.414" errors="0">
  <testcase name="testCaseFlow" time="239.414" classname="takamol.TC01_TakamolE2E_LORServiceRequest"/>
</testsuite> <!-- takamol.TC01_TakamolE2E_LORServiceRequest -->
