<?xml version="1.0" encoding="UTF-8"?>
<!-- Generated by org.testng.reporters.JUnitReportReporter -->
<testsuite hostname="CADCVPSALUSM069" name="current.TS120_CDM" tests="1" failures="0" timestamp="1 Jun 2021 15:23:09 GMT" time="400.820" errors="0">
  <testcase name="testCaseFlow" time="400.820" classname="current.TS120_CDM"/>
</testsuite> <!-- current.TS120_CDM -->
