<?xml version="1.0" encoding="UTF-8"?>
<!-- Generated by org.testng.reporters.JUnitReportReporter -->
<testsuite hostname="CADCVPSALUSM069" name="current.TS114_IDMapping" tests="1" failures="0" timestamp="1 Jun 2021 15:23:09 GMT" time="111.174" errors="0">
  <testcase name="testCaseFlow" time="111.174" classname="current.TS114_IDMapping"/>
</testsuite> <!-- current.TS114_IDMapping -->
