<?xml version="1.0" encoding="UTF-8"?>
<!-- Generated by org.testng.reporters.JUnitReportReporter -->
<testsuite hostname="APPCWLAP1051" name="takamol.TC18_TakamolE2E_OrphanMarriageBenefit" tests="1" failures="0" timestamp="1 Mar 2023 06:30:07 GMT" time="106.406" errors="0">
  <testcase name="testCaseFlow" time="106.406" classname="takamol.TC18_TakamolE2E_OrphanMarriageBenefit"/>
</testsuite> <!-- takamol.TC18_TakamolE2E_OrphanMarriageBenefit -->
