<?xml version="1.0" encoding="UTF-8"?>
<!-- Generated by org.testng.reporters.JUnitReportReporter -->
<testsuite hostname="APPCWLAP1051" name="takamol.TC19_TakamolE2E_RequestToIssueIdentificationPapers" tests="1" failures="0" timestamp="16 Feb 2023 06:00:07 GMT" time="186.620" errors="0">
  <testcase name="testCaseFlow" time="186.620" classname="takamol.TC19_TakamolE2E_RequestToIssueIdentificationPapers"/>
</testsuite> <!-- takamol.TC19_TakamolE2E_RequestToIssueIdentificationPapers -->
