<?xml version="1.0" encoding="UTF-8"?>
<!-- Generated by org.testng.reporters.JUnitReportReporter -->
<testsuite hostname="CADCVPSALUSM069" name="service.TS167_UsershouldbeabletofinthedamagesearchdatafortheRepairAndOpendateperiodof3months" tests="1" failures="0" timestamp="26 May 2021 09:20:12 GMT" time="236.301" errors="0">
  <testcase name="testCaseFlow" time="236.301" classname="service.TS167_UsershouldbeabletofinthedamagesearchdatafortheRepairAndOpendateperiodof3months"/>
</testsuite> <!-- service.TS167_UsershouldbeabletofinthedamagesearchdatafortheRepairAndOpendateperiodof3months -->
