<?xml version="1.0" encoding="UTF-8"?>
<!-- Generated by org.testng.reporters.JUnitReportReporter -->
<testsuite hostname="CADCVPSALUSM069" name="sales.TS220_PipelineAnalyzer" tests="1" failures="0" timestamp="31 May 2021 18:40:53 GMT" time="103.218" errors="0">
  <testcase name="testCaseFlow" time="103.218" classname="sales.TS220_PipelineAnalyzer"/>
</testsuite> <!-- sales.TS220_PipelineAnalyzer -->
