<?xml version="1.0" encoding="UTF-8"?>
<!-- Generated by org.testng.reporters.JUnitReportReporter -->
<testsuite hostname="CADCVPSALUSM069" name="service.TS180_CustomerPayDataVMI" tests="1" failures="0" timestamp="26 May 2021 09:20:12 GMT" time="89.789" errors="0">
  <testcase name="testCaseFlow" time="89.789" classname="service.TS180_CustomerPayDataVMI"/>
</testsuite> <!-- service.TS180_CustomerPayDataVMI -->
