<?xml version="1.0" encoding="UTF-8"?>
<!-- Generated by org.testng.reporters.JUnitReportReporter -->
<testsuite hostname="CADCVPSALUSM069" name="sales.TS215_CustomerDeliveryPool" tests="1" failures="0" timestamp="31 May 2021 18:40:53 GMT" time="574.039" errors="0">
  <testcase name="testCaseFlow" time="574.039" classname="sales.TS215_CustomerDeliveryPool"/>
</testsuite> <!-- sales.TS215_CustomerDeliveryPool -->
