<?xml version="1.0" encoding="UTF-8"?>
<!-- Generated by org.testng.reporters.JUnitReportReporter -->
<testsuite hostname="CADCVPSALUSM069" name="sales.TS213_EuropeanDelivery" tests="1" failures="0" timestamp="4 May 2021 01:44:54 GMT" time="3721.034" errors="0">
  <testcase name="testCaseFlow" time="3721.034" classname="sales.TS213_EuropeanDelivery"/>
</testsuite> <!-- sales.TS213_EuropeanDelivery -->
