<?xml version="1.0" encoding="UTF-8"?>
<!-- Generated by org.testng.reporters.JUnitReportReporter -->
<testsuite hostname="CADCVPSALUSM069" name="service.TS121_LaunchServiceSheetLink" tests="1" failures="0" timestamp="26 May 2021 09:20:12 GMT" time="89.506" errors="0">
  <testcase name="testCaseFlow" time="89.506" classname="service.TS121_LaunchServiceSheetLink"/>
</testsuite> <!-- service.TS121_LaunchServiceSheetLink -->
