<?xml version="1.0" encoding="UTF-8"?>
<!-- Generated by org.testng.reporters.JUnitReportReporter -->
<testsuite hostname="CADCVPSALUSM069" name="wsgonline.TS151_SearchByDateStatusKeyword" tests="1" failures="0" timestamp="2 Jun 2021 15:56:31 GMT" time="798.400" errors="0">
  <testcase name="testCaseFlow" time="798.400" classname="wsgonline.TS151_SearchByDateStatusKeyword"/>
</testsuite> <!-- wsgonline.TS151_SearchByDateStatusKeyword -->
