<?xml version="1.0" encoding="UTF-8"?>
<!-- Generated by org.testng.reporters.JUnitReportReporter -->
<testsuite hostname="CADCVPSALUSM069" name="wsgonline.TS143_VerifyNewAttachment" tests="1" failures="0" timestamp="2 Jun 2021 15:56:31 GMT" time="3625.690" errors="0">
  <testcase name="testCaseFlow" time="3625.690" classname="wsgonline.TS143_VerifyNewAttachment"/>
</testsuite> <!-- wsgonline.TS143_VerifyNewAttachment -->
