<?xml version="1.0" encoding="UTF-8"?>
<!-- Generated by org.testng.reporters.JUnitReportReporter -->
<testsuite hostname="CADCVPSALUSM069" name="sales.TS194_RegAbleToSearchWithModelPaintWithoutPackageUphInvetoryTypeIthPreferredDealersForVans" tests="1" failures="0" timestamp="31 May 2021 18:40:53 GMT" time="4586.833" errors="0">
  <testcase name="testCaseFlow" time="4586.833" classname="sales.TS194_RegAbleToSearchWithModelPaintWithoutPackageUphInvetoryTypeIthPreferredDealersForVans"/>
</testsuite> <!-- sales.TS194_RegAbleToSearchWithModelPaintWithoutPackageUphInvetoryTypeIthPreferredDealersForVans -->
