<?xml version="1.0" encoding="UTF-8"?>
<!-- Generated by org.testng.reporters.JUnitReportReporter -->
<testsuite hostname="APPCWLAP1051" name="takamol.TC21_TakamolE2E_SocialRecords" tests="1" failures="0" timestamp="28 Feb 2023 08:23:22 GMT" time="138.043" errors="0">
  <testcase name="testCaseFlow" time="138.043" classname="takamol.TC21_TakamolE2E_SocialRecords"/>
</testsuite> <!-- takamol.TC21_TakamolE2E_SocialRecords -->
