<?xml version="1.0" encoding="UTF-8"?>
<!-- Generated by org.testng.reporters.JUnitReportReporter -->
<testsuite hostname="CADCVPSALUSM069" name="sales.TS207_MSRPScreen7And17DigitsVINSearch" tests="1" failures="0" timestamp="31 May 2021 18:40:53 GMT" time="2568.523" errors="0">
  <testcase name="testCaseFlow" time="2568.523" classname="sales.TS207_MSRPScreen7And17DigitsVINSearch"/>
</testsuite> <!-- sales.TS207_MSRPScreen7And17DigitsVINSearch -->
