<?xml version="1.0" encoding="UTF-8"?>
<!-- Generated by org.testng.reporters.JUnitReportReporter -->
<testsuite hostname="CADCVPSALUSM069" name="current.TS118_ValidateGlobalSearch" tests="1" failures="0" timestamp="1 Jun 2021 15:23:09 GMT" time="202.312" errors="0">
  <testcase name="testCaseFlow" time="202.312" classname="current.TS118_ValidateGlobalSearch"/>
</testsuite> <!-- current.TS118_ValidateGlobalSearch -->
