<?xml version="1.0" encoding="UTF-8"?>
<!-- Generated by org.testng.reporters.JUnitReportReporter -->
<testsuite hostname="CADCVPSALUSM069" name="service.TS178_ServiceShouldReturnlistofLienHoldersELC_System" tests="1" failures="0" timestamp="2 Jun 2021 15:56:31 GMT" time="78.863" errors="0">
  <testcase name="testCaseFlow" time="78.863" classname="service.TS178_ServiceShouldReturnlistofLienHoldersELC_System"/>
</testsuite> <!-- service.TS178_ServiceShouldReturnlistofLienHoldersELC_System -->
