<?xml version="1.0" encoding="UTF-8"?>
<!-- Generated by org.testng.reporters.JUnitReportReporter -->
<testsuite hostname="CADCVPSALUSM069" name="current.TS103_Feedback" tests="1" failures="0" timestamp="1 Jun 2021 15:23:09 GMT" time="151.424" errors="0">
  <testcase name="testCaseFlow" time="151.424" classname="current.TS103_Feedback"/>
</testsuite> <!-- current.TS103_Feedback -->
