<?xml version="1.0" encoding="UTF-8"?>
<!-- Generated by org.testng.reporters.JUnitReportReporter -->
<testsuite hostname="LAPTOP-K219L5FO" name="takamol.TC03_TakamolE2E_FFMServiceRequest" tests="1" failures="0" timestamp="3 Nov 2022 08:53:16 GMT" time="10.499" errors="0">
  <testcase name="testCaseFlow" time="10.499" classname="takamol.TC03_TakamolE2E_FFMServiceRequest"/>
</testsuite> <!-- takamol.TC03_TakamolE2E_FFMServiceRequest -->
