<?xml version="1.0" encoding="UTF-8"?>
<!-- Generated by org.testng.reporters.JUnitReportReporter -->
<testsuite hostname="CADCVPSALUSM069" name="current.TS109_GlobalLinks" tests="1" failures="0" timestamp="1 Jun 2021 15:23:09 GMT" time="1425.911" errors="0">
  <testcase name="testCaseFlow" time="1425.911" classname="current.TS109_GlobalLinks"/>
</testsuite> <!-- current.TS109_GlobalLinks -->
