<?xml version="1.0" encoding="UTF-8"?>
<!-- Generated by org.testng.reporters.JUnitReportReporter -->
<testsuite hostname="CADCVPSALUSM069" name="sales.TS177_RegValidateInvoiceDetailsForVAN" tests="1" failures="0" timestamp="31 May 2021 18:40:53 GMT" time="76.434" errors="0">
  <testcase name="testCaseFlow" time="76.434" classname="sales.TS177_RegValidateInvoiceDetailsForVAN"/>
</testsuite> <!-- sales.TS177_RegValidateInvoiceDetailsForVAN -->
