<?xml version="1.0" encoding="UTF-8"?>
<!-- Generated by org.testng.reporters.JUnitReportReporter -->
<testsuite hostname="CADCVPSALUSM069" name="sales.TS199_Request" tests="1" failures="0" timestamp="31 May 2021 18:40:53 GMT" time="377.840" errors="0">
  <testcase name="testCaseFlow" time="377.840" classname="sales.TS199_Request"/>
</testsuite> <!-- sales.TS199_Request -->
