<?xml version="1.0" encoding="UTF-8"?>
<!-- Generated by org.testng.reporters.JUnitReportReporter -->
<testsuite hostname="APPCWLAP1051" name="takamol.TC20_TakamolE2E_EndOfIncubation" tests="1" failures="0" timestamp="27 Feb 2023 06:31:49 GMT" time="168.268" errors="0">
  <testcase name="testCaseFlow" time="168.268" classname="takamol.TC20_TakamolE2E_EndOfIncubation"/>
</testsuite> <!-- takamol.TC20_TakamolE2E_EndOfIncubation -->
