<?xml version="1.0" encoding="UTF-8"?>
<!-- Generated by org.testng.reporters.JUnitReportReporter -->
<testsuite hostname="CADCVPSALUSM069" name="authoringMFA.AuthoringSmokeValidation" tests="1" failures="0" timestamp="2 Jun 2021 15:56:31 GMT" time="91.779" errors="0">
  <testcase name="testCaseFlow" time="91.779" classname="authoringMFA.AuthoringSmokeValidation"/>
</testsuite> <!-- authoringMFA.AuthoringSmokeValidation -->
