<?xml version="1.0" encoding="UTF-8"?>
<!-- Generated by org.testng.reporters.JUnitReportReporter -->
<testsuite hostname="CADCVPSALUSM069" name="service.TS177_RegEnterAVINofCarAndCheckThePackage" tests="1" failures="0" timestamp="2 Jun 2021 15:56:31 GMT" time="648.555" errors="0">
  <testcase name="testCaseFlow" time="648.555" classname="service.TS177_RegEnterAVINofCarAndCheckThePackage"/>
</testsuite> <!-- service.TS177_RegEnterAVINofCarAndCheckThePackage -->
