<?xml version="1.0" encoding="UTF-8"?>
<!-- Generated by org.testng.reporters.JUnitReportReporter -->
<testsuite hostname="CADCVPSALUSM069" name="service.TS117_ValidateCampaignDetailScreen" tests="1" failures="0" timestamp="26 May 2021 09:20:12 GMT" time="89.665" errors="0">
  <testcase name="testCaseFlow" time="89.665" classname="service.TS117_ValidateCampaignDetailScreen"/>
</testsuite> <!-- service.TS117_ValidateCampaignDetailScreen -->
