<?xml version="1.0" encoding="UTF-8"?>
<!-- Generated by org.testng.reporters.JUnitReportReporter -->
<testsuite hostname="CADCVPSALUSM069" name="service.TS129_LaunchAvailableAccessoriesLink" tests="1" failures="0" timestamp="26 May 2021 09:20:12 GMT" time="97.076" errors="0">
  <testcase name="testCaseFlow" time="97.076" classname="service.TS129_LaunchAvailableAccessoriesLink"/>
</testsuite> <!-- service.TS129_LaunchAvailableAccessoriesLink -->
