<?xml version="1.0" encoding="UTF-8"?>
<!-- Generated by org.testng.reporters.JUnitReportReporter -->
<testsuite hostname="APPCWLAP1261" failures="0" tests="1" name="takamol.TC15_TakamolE2E_VocationalTraining" time="4.184" errors="1" timestamp="21 Mar 2023 11:04:31 GMT">
  <testcase classname="takamol.TC15_TakamolE2E_VocationalTraining" name="testCaseFlow" time="4.184">
    <error message="class org.openqa.selenium.net.UrlChecker tried to access private method &#039;void com.google.common.util.concurrent.SimpleTimeLimiter.&lt;init&gt;(java.util.concurrent.ExecutorService)&#039; (org.openqa.selenium.net.UrlChecker and com.google.common.util.concurrent.SimpleTimeLimiter are in unnamed module of loader &#039;app&#039;)" type="java.lang.IllegalAccessError">
      <![CDATA[java.lang.IllegalAccessError: class org.openqa.selenium.net.UrlChecker tried to access private method 'void com.google.common.util.concurrent.SimpleTimeLimiter.<init>(java.util.concurrent.ExecutorService)' (org.openqa.selenium.net.UrlChecker and com.google.common.util.concurrent.SimpleTimeLimiter are in unnamed module of loader 'app')
	at org.openqa.selenium.net.UrlChecker.<init>(UrlChecker.java:67)
	at org.openqa.selenium.remote.service.DriverService.waitUntilAvailable(DriverService.java:175)
	at org.openqa.selenium.remote.service.DriverService.start(DriverService.java:166)
	at org.openqa.selenium.remote.service.DriverCommandExecutor.execute(DriverCommandExecutor.java:78)
	at org.openqa.selenium.remote.RemoteWebDriver.execute(RemoteWebDriver.java:644)
	at org.openqa.selenium.remote.RemoteWebDriver.startSession(RemoteWebDriver.java:249)
	at org.openqa.selenium.remote.RemoteWebDriver.<init>(RemoteWebDriver.java:131)
	at org.openqa.selenium.remote.RemoteWebDriver.<init>(RemoteWebDriver.java:144)
	at org.openqa.selenium.chrome.ChromeDriver.<init>(ChromeDriver.java:170)
	at org.openqa.selenium.chrome.ChromeDriver.<init>(ChromeDriver.java:159)
	at org.openqa.selenium.chrome.ChromeDriver.<init>(ChromeDriver.java:148)
	at coreFramework.CommonWebActions.launchWin(CommonWebActions.java:115)
	at coreFramework.CommonWebActions.launch(CommonWebActions.java:72)
	at applicationSpecific.AUT.login(AUT.java:104)
	at takamol.TC15_TakamolE2E_VocationalTraining.testCaseFlow(TC15_TakamolE2E_VocationalTraining.java:46)
	at java.base/jdk.internal.reflect.NativeMethodAccessorImpl.invoke0(Native Method)
	at java.base/jdk.internal.reflect.NativeMethodAccessorImpl.invoke(NativeMethodAccessorImpl.java:77)
	at java.base/jdk.internal.reflect.DelegatingMethodAccessorImpl.invoke(DelegatingMethodAccessorImpl.java:43)
	at java.base/java.lang.reflect.Method.invoke(Method.java:568)
	at org.testng.internal.MethodInvocationHelper.invokeMethod(MethodInvocationHelper.java:85)
	at org.testng.internal.Invoker.invokeMethod(Invoker.java:659)
	at org.testng.internal.Invoker.invokeTestMethod(Invoker.java:845)
	at org.testng.internal.Invoker.invokeTestMethods(Invoker.java:1153)
	at org.testng.internal.TestMethodWorker.invokeTestMethods(TestMethodWorker.java:125)
	at org.testng.internal.TestMethodWorker.run(TestMethodWorker.java:108)
	at org.testng.TestRunner.privateRun(TestRunner.java:771)
	at org.testng.TestRunner.run(TestRunner.java:621)
	at org.testng.SuiteRunner.runTest(SuiteRunner.java:357)
	at org.testng.SuiteRunner.runSequentially(SuiteRunner.java:352)
	at org.testng.SuiteRunner.privateRun(SuiteRunner.java:310)
	at org.testng.SuiteRunner.run(SuiteRunner.java:259)
	at org.testng.SuiteRunnerWorker.runSuite(SuiteRunnerWorker.java:52)
	at org.testng.SuiteRunnerWorker.run(SuiteRunnerWorker.java:86)
	at org.testng.TestNG.runSuitesSequentially(TestNG.java:1199)
	at org.testng.TestNG.runSuitesLocally(TestNG.java:1124)
	at org.testng.TestNG.run(TestNG.java:1032)
	at org.testng.remote.AbstractRemoteTestNG.run(AbstractRemoteTestNG.java:115)
	at org.testng.remote.RemoteTestNG.initAndRun(RemoteTestNG.java:251)
	at org.testng.remote.RemoteTestNG.main(RemoteTestNG.java:77)
]]>
    </error>
  </testcase> <!-- testCaseFlow -->
</testsuite> <!-- takamol.TC15_TakamolE2E_VocationalTraining -->
