<?xml version="1.0" encoding="UTF-8"?>
<!-- Generated by org.testng.reporters.JUnitReportReporter -->
<testsuite hostname="CADCVPSALUSM069" name="sales.TS217_UserShouldBeAbleToNavigateOnMSRPandPerformTradeActionFromP4Screen" tests="1" failures="0" timestamp="31 May 2021 18:40:53 GMT" time="173.426" errors="0">
  <testcase name="testCaseFlow" time="173.426" classname="sales.TS217_UserShouldBeAbleToNavigateOnMSRPandPerformTradeActionFromP4Screen"/>
</testsuite> <!-- sales.TS217_UserShouldBeAbleToNavigateOnMSRPandPerformTradeActionFromP4Screen -->
