<?xml version="1.0" encoding="UTF-8"?>
<!-- Generated by org.testng.reporters.JUnitReportReporter -->
<testsuite hostname="APPCWLAP1051" name="takamol.TC18_TakamolE2E_HomeSocialCare" tests="1" failures="0" timestamp="16 Feb 2023 06:00:07 GMT" time="35.947" errors="0">
  <testcase name="testCaseFlow" time="35.947" classname="takamol.TC18_TakamolE2E_HomeSocialCare"/>
</testsuite> <!-- takamol.TC18_TakamolE2E_HomeSocialCare -->
