<?xml version="1.0" encoding="UTF-8"?>
<!-- Generated by org.testng.reporters.JUnitReportReporter -->
<testsuite hostname="CADCVPSALUSM069" name="wsgonline.TS155_SearchByLastSevenDigit" tests="1" failures="0" timestamp="2 Jun 2021 15:56:31 GMT" time="215.132" errors="0">
  <testcase name="testCaseFlow" time="215.132" classname="wsgonline.TS155_SearchByLastSevenDigit"/>
</testsuite> <!-- wsgonline.TS155_SearchByLastSevenDigit -->
