<?xml version="1.0" encoding="UTF-8"?>
<!-- Generated by org.testng.reporters.JUnitReportReporter -->
<testsuite hostname="APPCWLAP1051" name="takamol.TC09_TakamolE2E_StateFeeBearingProgram" tests="1" failures="0" timestamp="27 Feb 2023 07:36:15 GMT" time="172.278" errors="0">
  <testcase name="testCaseFlow" time="172.278" classname="takamol.TC09_TakamolE2E_StateFeeBearingProgram"/>
</testsuite> <!-- takamol.TC09_TakamolE2E_StateFeeBearingProgram -->
