<?xml version="1.0" encoding="UTF-8"?>
<!-- Generated by org.testng.reporters.JUnitReportReporter -->
<testsuite hostname="DESKTOP-3PGMVCH" failures="0" tests="1" name="sales.TS160_NavigateToVIIPage" time="10.958" errors="0" timestamp="13 Sep 2021 05:43:27 GMT">
  <testcase classname="sales.TS160_NavigateToVIIPage" name="testCaseFlow" time="10.958"/>
</testsuite> <!-- sales.TS160_NavigateToVIIPage -->
