<?xml version="1.0" encoding="UTF-8"?>
<!-- Generated by org.testng.reporters.JUnitReportReporter -->
<testsuite hostname="DESKTOP-3PGMVCH" name="blossomNursery.BlossomSmokeTest" tests="1" failures="0" timestamp="6 Oct 2021 09:16:03 GMT" time="24.094" errors="0">
  <testcase name="testCaseFlow" time="24.094" classname="blossomNursery.BlossomSmokeTest"/>
</testsuite> <!-- blossomNursery.BlossomSmokeTest -->
