<?xml version="1.0" encoding="UTF-8"?>
<!-- Generated by org.testng.reporters.JUnitReportReporter -->
<testsuite hostname="APPCWLAP1051" name="takamol.TC02_TakamolE2E_IICServiceRequest" tests="1" failures="0" timestamp="27 Feb 2023 06:31:49 GMT" time="61.484" errors="0">
  <testcase name="testCaseFlow" time="61.484" classname="takamol.TC02_TakamolE2E_IICServiceRequest"/>
</testsuite> <!-- takamol.TC02_TakamolE2E_IICServiceRequest -->
