<?xml version="1.0" encoding="UTF-8"?>
<!-- Generated by org.testng.reporters.JUnitReportReporter -->
<testsuite hostname="LAPTOP-K219L5FO" name="takamol.TC05_TakamolE2E_FFPServiceRequest" tests="1" failures="0" timestamp="7 Nov 2022 08:01:59 GMT" time="44.785" errors="0">
  <testcase name="testCaseFlow" time="44.785" classname="takamol.TC05_TakamolE2E_FFPServiceRequest"/>
</testsuite> <!-- takamol.TC05_TakamolE2E_FFPServiceRequest -->
