<?xml version="1.0" encoding="UTF-8"?>
<!-- Generated by org.testng.reporters.JUnitReportReporter -->
<testsuite hostname="APPCWLAP1051" name="takamol.TC12_TakamolE2E_PassportServiceAppian" tests="1" failures="0" timestamp="15 Feb 2023 13:47:27 GMT" time="122.037" errors="0">
  <testcase name="testCaseFlow" time="122.037" classname="takamol.TC12_TakamolE2E_PassportServiceAppian"/>
</testsuite> <!-- takamol.TC12_TakamolE2E_PassportServiceAppian -->
