<?xml version="1.0" encoding="UTF-8"?>
<!-- Generated by org.testng.reporters.JUnitReportReporter -->
<testsuite hostname="CADCVPSALUSM069" name="sales.TS184_NavigateToVMIfromSearchResultForCars" tests="1" failures="0" timestamp="31 May 2021 18:40:53 GMT" time="81.757" errors="0">
  <testcase name="testCaseFlow" time="81.757" classname="sales.TS184_NavigateToVMIfromSearchResultForCars"/>
</testsuite> <!-- sales.TS184_NavigateToVMIfromSearchResultForCars -->
