<?xml version="1.0" encoding="UTF-8"?>
<!-- Generated by org.testng.reporters.JUnitReportReporter -->
<testsuite hostname="CADCVPSALUSM069" name="current.TS104_UserProfile" tests="1" failures="0" timestamp="1 Jun 2021 15:23:09 GMT" time="11347.402" errors="0">
  <testcase name="testCaseFlow" time="11347.402" classname="current.TS104_UserProfile"/>
</testsuite> <!-- current.TS104_UserProfile -->
