<?xml version="1.0" encoding="UTF-8"?>
<!-- Generated by org.testng.reporters.JUnitReportReporter -->
<testsuite hostname="CADCVPSALUSM069" name="service.TS172_RegSaveACaseWithWrapUpDetails" tests="1" failures="0" timestamp="2 Jun 2021 15:56:31 GMT" time="355.982" errors="0">
  <testcase name="testCaseFlow" time="355.982" classname="service.TS172_RegSaveACaseWithWrapUpDetails"/>
</testsuite> <!-- service.TS172_RegSaveACaseWithWrapUpDetails -->
