<?xml version="1.0" encoding="UTF-8"?>
<!-- Generated by org.testng.reporters.JUnitReportReporter -->
<testsuite hostname="CADCVPSALUSM069" name="sales.TS216_DuplicateConfigure" tests="1" failures="0" timestamp="31 May 2021 18:40:53 GMT" time="201.826" errors="0">
  <testcase name="testCaseFlow" time="201.826" classname="sales.TS216_DuplicateConfigure"/>
</testsuite> <!-- sales.TS216_DuplicateConfigure -->
