<?xml version="1.0" encoding="UTF-8"?>
<!-- Generated by org.testng.reporters.JUnitReportReporter -->
<testsuite hostname="CADCVPSALUSM069" name="current.TS108_Reports" tests="1" failures="0" timestamp="1 Jun 2021 15:23:09 GMT" time="442.899" errors="0">
  <testcase name="testCaseFlow" time="442.899" classname="current.TS108_Reports"/>
</testsuite> <!-- current.TS108_Reports -->
