<?xml version="1.0" encoding="UTF-8"?>
<!-- Generated by org.testng.reporters.JUnitReportReporter -->
<testsuite hostname="APPCWLAP1051" name="takamol.TC21_TakamolE2E_RequestForFosterFamily" tests="1" failures="0" timestamp="16 Feb 2023 10:52:49 GMT" time="116.426" errors="0">
  <testcase name="testCaseFlow" time="116.426" classname="takamol.TC21_TakamolE2E_RequestForFosterFamily"/>
</testsuite> <!-- takamol.TC21_TakamolE2E_RequestForFosterFamily -->
