<?xml version="1.0" encoding="UTF-8"?>
<!-- Generated by org.testng.reporters.JUnitReportReporter -->
<testsuite hostname="APPCWLAP1051" name="takamol.TC15_TakamolE2E_DisabilityClassificationServiceForUniversityStudents" tests="1" failures="0" timestamp="9 Feb 2023 10:11:19 GMT" time="37.567" errors="0">
  <testcase name="testCaseFlow" time="37.567" classname="takamol.TC15_TakamolE2E_DisabilityClassificationServiceForUniversityStudents"/>
</testsuite> <!-- takamol.TC15_TakamolE2E_DisabilityClassificationServiceForUniversityStudents -->
