<?xml version="1.0" encoding="UTF-8"?>
<!-- Generated by org.testng.reporters.JUnitReportReporter -->
<testsuite hostname="CADCVPSALUSM069" name="sales.TS161_UserShouldAbleToNavigateToMSRPfromRetailNewScren" tests="1" failures="0" timestamp="31 May 2021 18:40:53 GMT" time="2443.694" errors="0">
  <testcase name="testCaseFlow" time="2443.694" classname="sales.TS161_UserShouldAbleToNavigateToMSRPfromRetailNewScren"/>
</testsuite> <!-- sales.TS161_UserShouldAbleToNavigateToMSRPfromRetailNewScren -->
