<?xml version="1.0" encoding="UTF-8"?>
<!-- Generated by org.testng.reporters.JUnitReportReporter -->
<testsuite hostname="CADCVPSALUSM069" name="current.TS115_NetstarLogo" tests="1" failures="0" timestamp="1 Jun 2021 15:23:09 GMT" time="83.548" errors="0">
  <testcase name="testCaseFlow" time="83.548" classname="current.TS115_NetstarLogo"/>
</testsuite> <!-- current.TS115_NetstarLogo -->
