<?xml version="1.0" encoding="UTF-8"?>
<!-- Generated by org.testng.reporters.JUnitReportReporter -->
<testsuite hostname="APPCWLAP1051" name="takamol.TC20_TakamolE2E_VocationalTraining" tests="1" failures="0" timestamp="16 Feb 2023 06:04:37 GMT" time="45.198" errors="0">
  <testcase name="testCaseFlow" time="45.198" classname="takamol.TC20_TakamolE2E_VocationalTraining"/>
</testsuite> <!-- takamol.TC20_TakamolE2E_VocationalTraining -->
