<?xml version="1.0" encoding="UTF-8"?>
<!-- Generated by org.testng.reporters.JUnitReportReporter -->
<testsuite hostname="CADCVPSALUSM069" name="service.TS138_NavigateToDispositionPage" tests="1" failures="0" timestamp="26 May 2021 09:20:12 GMT" time="73.524" errors="0">
  <testcase name="testCaseFlow" time="73.524" classname="service.TS138_NavigateToDispositionPage"/>
</testsuite> <!-- service.TS138_NavigateToDispositionPage -->
