<?xml version="1.0" encoding="UTF-8"?>
<!-- Generated by org.testng.reporters.JUnitReportReporter -->
<testsuite hostname="CADCVPSALUSM069" name="sales.TS197_InventoryPreowned" tests="1" failures="0" timestamp="31 May 2021 18:40:53 GMT" time="164.357" errors="0">
  <testcase name="testCaseFlow" time="164.357" classname="sales.TS197_InventoryPreowned"/>
</testsuite> <!-- sales.TS197_InventoryPreowned -->
