<?xml version="1.0" encoding="UTF-8"?>
<!-- Generated by org.testng.reporters.JUnitReportReporter -->
<testsuite hostname="CADCVPSALUSM069" name="sales.TS182_NavigateToTradefromSearchResultForCars" tests="1" failures="0" timestamp="31 May 2021 18:40:53 GMT" time="80.846" errors="0">
  <testcase name="testCaseFlow" time="80.846" classname="sales.TS182_NavigateToTradefromSearchResultForCars"/>
</testsuite> <!-- sales.TS182_NavigateToTradefromSearchResultForCars -->
