<?xml version="1.0" encoding="UTF-8"?>
<!-- Generated by org.testng.reporters.JUnitReportReporter -->
<testsuite hostname="CADCVPSALUSM069" name="wsgonline.TS159_VerifyAttachmentAgentReview" tests="1" failures="0" timestamp="2 Jun 2021 15:56:31 GMT" time="75.207" errors="0">
  <testcase name="testCaseFlow" time="75.207" classname="wsgonline.TS159_VerifyAttachmentAgentReview"/>
</testsuite> <!-- wsgonline.TS159_VerifyAttachmentAgentReview -->
