<?xml version="1.0" encoding="UTF-8"?>
<!-- Generated by org.testng.reporters.JUnitReportReporter -->
<testsuite hostname="APPCWLAP1051" name="takamol.TC10_TakamolE2E_DomesticLaborFees" tests="1" failures="0" timestamp="28 Feb 2023 06:48:29 GMT" time="38.960" errors="0">
  <testcase name="testCaseFlow" time="38.960" classname="takamol.TC10_TakamolE2E_DomesticLaborFees"/>
</testsuite> <!-- takamol.TC10_TakamolE2E_DomesticLaborFees -->
