<?xml version="1.0" encoding="UTF-8"?>
<!-- Generated by org.testng.reporters.JUnitReportReporter -->
<testsuite hostname="CADCVPSALUSM069" name="wsgonline.TS147_SearchByVINNumber" tests="1" failures="0" timestamp="2 Jun 2021 15:56:31 GMT" time="75.688" errors="0">
  <testcase name="testCaseFlow" time="75.688" classname="wsgonline.TS147_SearchByVINNumber"/>
</testsuite> <!-- wsgonline.TS147_SearchByVINNumber -->
