<?xml version="1.0" encoding="UTF-8"?>
<!-- Generated by org.testng.reporters.JUnitReportReporter -->
<testsuite hostname="APPCWLAP1051" name="takamol.TC23_TakamolE2E_SupportServiceIDCard" tests="1" failures="0" timestamp="27 Feb 2023 06:31:49 GMT" time="31.288" errors="0">
  <testcase name="testCaseFlow" time="31.288" classname="takamol.TC23_TakamolE2E_SupportServiceIDCard"/>
</testsuite> <!-- takamol.TC23_TakamolE2E_SupportServiceIDCard -->
