<?xml version="1.0" encoding="UTF-8"?>
<!-- Generated by org.testng.reporters.JUnitReportReporter -->
<testsuite hostname="APPCWLAP1051" name="takamol.TC14_TakomalE2E_DisabilityIDcard" tests="1" failures="0" timestamp="15 Feb 2023 13:49:21 GMT" time="38.822" errors="0">
  <testcase name="testCaseFlow" time="38.822" classname="takamol.TC14_TakomalE2E_DisabilityIDcard"/>
</testsuite> <!-- takamol.TC14_TakomalE2E_DisabilityIDcard -->
