<?xml version="1.0" encoding="UTF-8"?>
<!-- Generated by org.testng.reporters.JUnitReportReporter -->
<testsuite hostname="CADCVPSALUSM069" name="service.TS174_RegEditAnExistingCaseProblemDetailsWithAgentReviewStatus" tests="1" failures="0" timestamp="2 Jun 2021 15:56:31 GMT" time="182.642" errors="0">
  <testcase name="testCaseFlow" time="182.642" classname="service.TS174_RegEditAnExistingCaseProblemDetailsWithAgentReviewStatus"/>
</testsuite> <!-- service.TS174_RegEditAnExistingCaseProblemDetailsWithAgentReviewStatus -->
