<?xml version="1.0" encoding="UTF-8"?>
<!-- Generated by org.testng.reporters.JUnitReportReporter -->
<testsuite hostname="CADCVPSALUSM069" name="service.TS173_RegWSGHOEditCases" tests="1" failures="0" timestamp="2 Jun 2021 15:56:31 GMT" time="82.636" errors="0">
  <testcase name="testCaseFlow" time="82.636" classname="service.TS173_RegWSGHOEditCases"/>
</testsuite> <!-- service.TS173_RegWSGHOEditCases -->
