<?xml version="1.0" encoding="UTF-8"?>
<!-- Generated by org.testng.reporters.JUnitReportReporter -->
<testsuite hostname="CADCVPSALUSM069" name="sales.TS193_RegAbleToSearchWithModelPaintTotalMSRPWIthPreferredDealers" tests="1" failures="0" timestamp="31 May 2021 18:40:53 GMT" time="1133.229" errors="0">
  <testcase name="testCaseFlow" time="1133.229" classname="sales.TS193_RegAbleToSearchWithModelPaintTotalMSRPWIthPreferredDealers"/>
</testsuite> <!-- sales.TS193_RegAbleToSearchWithModelPaintTotalMSRPWIthPreferredDealers -->
