<?xml version="1.0" encoding="UTF-8"?>
<!-- Generated by org.testng.reporters.JUnitReportReporter -->
<testsuite hostname="CADCVPSALUSM069" name="service.TS170_Recall_NavigatetoVMIscreenfromCampaignResults" tests="1" failures="0" timestamp="2 Jun 2021 15:56:31 GMT" time="53.609" errors="0">
  <testcase name="testCaseFlow" time="53.609" classname="service.TS170_Recall_NavigatetoVMIscreenfromCampaignResults"/>
</testsuite> <!-- service.TS170_Recall_NavigatetoVMIscreenfromCampaignResults -->
