<?xml version="1.0" encoding="UTF-8"?>
<!-- Generated by org.testng.reporters.JUnitReportReporter -->
<testsuite hostname="CADCVPSALUSM069" name="sales.TS200_VIIUpdate" tests="1" failures="0" timestamp="31 May 2021 18:40:53 GMT" time="87.519" errors="0">
  <testcase name="testCaseFlow" time="87.519" classname="sales.TS200_VIIUpdate"/>
</testsuite> <!-- sales.TS200_VIIUpdate -->
