<?xml version="1.0" encoding="UTF-8"?>
<!-- Generated by org.testng.reporters.JUnitReportReporter -->
<testsuite hostname="APPCWLAP1051" name="takamol.TC03_03_TakamolE2E_MyRoleModelProgram" tests="1" failures="0" timestamp="28 Feb 2023 06:48:29 GMT" time="428.487" errors="0">
  <testcase name="testCaseFlow" time="428.487" classname="takamol.TC03_03_TakamolE2E_MyRoleModelProgram"/>
</testsuite> <!-- takamol.TC03_03_TakamolE2E_MyRoleModelProgram -->
