<?xml version="1.0" encoding="UTF-8"?>
<!-- Generated by org.testng.reporters.JUnitReportReporter -->
<testsuite hostname="CADCVPSALUSM069" name="sales.TS196_InventoryNew" tests="1" failures="0" timestamp="31 May 2021 18:40:53 GMT" time="401.152" errors="0">
  <testcase name="testCaseFlow" time="401.152" classname="sales.TS196_InventoryNew"/>
</testsuite> <!-- sales.TS196_InventoryNew -->
