<?xml version="1.0" encoding="UTF-8"?>
<!-- Generated by org.testng.reporters.JUnitReportReporter -->
<testsuite hostname="CADCVPSALUSM069" name="service.TS119_ViewVehicleInfo" tests="1" failures="0" timestamp="26 May 2021 09:20:12 GMT" time="93.667" errors="0">
  <testcase name="testCaseFlow" time="93.667" classname="service.TS119_ViewVehicleInfo"/>
</testsuite> <!-- service.TS119_ViewVehicleInfo -->
