<?xml version="1.0" encoding="UTF-8"?>
<!-- Generated by org.testng.reporters.JUnitReportReporter -->
<testsuite hostname="DESKTOP-3PGMVCH" failures="0" tests="1" name="sales.TS_AutomationTest" time="39.414" errors="0" timestamp="24 Sep 2021 05:30:09 GMT">
  <testcase classname="sales.TS_AutomationTest" name="testCaseFlow" time="39.414"/>
</testsuite> <!-- sales.TS_AutomationTest -->
