<?xml version="1.0" encoding="UTF-8"?>
<!-- Generated by org.testng.reporters.JUnitReportReporter -->
<testsuite hostname="CADCVPSALUSM069" name="wsgonline.TS144_VerifySaveAttachment" tests="1" failures="0" timestamp="2 Jun 2021 15:56:31 GMT" time="65.024" errors="0">
  <testcase name="testCaseFlow" time="65.024" classname="wsgonline.TS144_VerifySaveAttachment"/>
</testsuite> <!-- wsgonline.TS144_VerifySaveAttachment -->
