<?xml version="1.0" encoding="UTF-8"?>
<!-- Generated by org.testng.reporters.JUnitReportReporter -->
<testsuite hostname="CADCVPSALUSM069" name="sales.TS211_OMSCDomestic" tests="1" failures="0" timestamp="4 May 2021 01:44:54 GMT" time="2291.629" errors="0">
  <testcase name="testCaseFlow" time="2291.629" classname="sales.TS211_OMSCDomestic"/>
</testsuite> <!-- sales.TS211_OMSCDomestic -->
