<?xml version="1.0" encoding="UTF-8"?>
<!-- Generated by org.testng.reporters.JUnitReportReporter -->
<testsuite hostname="CADCVPSALUSM069" name="service.TS125_LaunchServiceWalkAroundForm" tests="1" failures="0" timestamp="26 May 2021 09:20:12 GMT" time="86.526" errors="0">
  <testcase name="testCaseFlow" time="86.526" classname="service.TS125_LaunchServiceWalkAroundForm"/>
</testsuite> <!-- service.TS125_LaunchServiceWalkAroundForm -->
