<?xml version="1.0" encoding="UTF-8"?>
<!-- Generated by org.testng.reporters.JUnitReportReporter -->
<testsuite hostname="CADCVPSALUSM069" name="service.TS120_LaunchOptionCodeLink" tests="1" failures="0" timestamp="26 May 2021 09:20:12 GMT" time="82.874" errors="0">
  <testcase name="testCaseFlow" time="82.874" classname="service.TS120_LaunchOptionCodeLink"/>
</testsuite> <!-- service.TS120_LaunchOptionCodeLink -->
