<?xml version="1.0" encoding="UTF-8"?>
<!-- Generated by org.testng.reporters.JUnitReportReporter -->
<testsuite hostname="APPCWLAP1051" name="takamol.TC22_TakamolE2E_PassportServiceAppian" tests="1" failures="0" timestamp="27 Feb 2023 06:31:49 GMT" time="114.475" errors="0">
  <testcase name="testCaseFlow" time="114.475" classname="takamol.TC22_TakamolE2E_PassportServiceAppian"/>
</testsuite> <!-- takamol.TC22_TakamolE2E_PassportServiceAppian -->
