<?xml version="1.0" encoding="UTF-8"?>
<!-- Generated by org.testng.reporters.JUnitReportReporter -->
<testsuite hostname="CADCVPSALUSM069" name="sales.TS223_MarketRegionFunctionOnLocateScreen" tests="1" failures="0" timestamp="31 May 2021 18:40:53 GMT" time="104.231" errors="0">
  <testcase name="testCaseFlow" time="104.231" classname="sales.TS223_MarketRegionFunctionOnLocateScreen"/>
</testsuite> <!-- sales.TS223_MarketRegionFunctionOnLocateScreen -->
