<?xml version="1.0" encoding="UTF-8"?>
<!-- Generated by org.testng.reporters.JUnitReportReporter -->
<testsuite hostname="CADCVPSALUSM069" name="sales.TS214_SchedulingConfirmation" tests="1" failures="0" timestamp="31 May 2021 18:40:53 GMT" time="393.899" errors="0">
  <testcase name="testCaseFlow" time="393.899" classname="sales.TS214_SchedulingConfirmation"/>
</testsuite> <!-- sales.TS214_SchedulingConfirmation -->
