<?xml version="1.0" encoding="UTF-8"?>
<!-- Generated by org.testng.reporters.JUnitReportReporter -->
<testsuite hostname="CADCVPSALUSM069" name="wsgonline.TS158_verifyAttachmentAfterSubmit" tests="1" failures="0" timestamp="2 Jun 2021 15:56:31 GMT" time="127.486" errors="0">
  <testcase name="testCaseFlow" time="127.486" classname="wsgonline.TS158_verifyAttachmentAfterSubmit"/>
</testsuite> <!-- wsgonline.TS158_verifyAttachmentAfterSubmit -->
