<?xml version="1.0" encoding="UTF-8"?>
<!-- Generated by org.testng.reporters.JUnitReportReporter -->
<testsuite hostname="CADCVPSALUSM069" name="wsgonline.TS152_CreateCaseWithoutVIN" tests="1" failures="0" timestamp="2 Jun 2021 15:56:31 GMT" time="159.245" errors="0">
  <testcase name="testCaseFlow" time="159.245" classname="wsgonline.TS152_CreateCaseWithoutVIN"/>
</testsuite> <!-- wsgonline.TS152_CreateCaseWithoutVIN -->
