<?xml version="1.0" encoding="UTF-8"?>
<!-- Generated by org.testng.reporters.JUnitReportReporter -->
<testsuite hostname="CADCVPSALUSM069" name="wsgonline.TS145_SearchByCaseNumber" tests="1" failures="0" timestamp="2 Jun 2021 15:56:31 GMT" time="64.523" errors="0">
  <testcase name="testCaseFlow" time="64.523" classname="wsgonline.TS145_SearchByCaseNumber"/>
</testsuite> <!-- wsgonline.TS145_SearchByCaseNumber -->
