<?xml version="1.0" encoding="UTF-8"?>
<!-- Generated by org.testng.reporters.JUnitReportReporter -->
<testsuite hostname="LAPTOP-K219L5FO" name="takamol.TC01_TakamolE2ELORServiceRequest" tests="1" failures="0" timestamp="29 Sep 2022 06:45:24 GMT" time="0.245" errors="0">
  <testcase name="testCaseFlow" time="0.245" classname="takamol.TC01_TakamolE2ELORServiceRequest"/>
</testsuite> <!-- takamol.TC01_TakamolE2ELORServiceRequest -->
