<?xml version="1.0" encoding="UTF-8"?>
<!-- Generated by org.testng.reporters.JUnitReportReporter -->
<testsuite hostname="APPCWLAP1051" name="takamol.TC19_TakamolE2E_SubsidyRequestForFosterFamily" tests="1" failures="0" timestamp="28 Feb 2023 06:48:29 GMT" time="111.503" errors="0">
  <testcase name="testCaseFlow" time="111.503" classname="takamol.TC19_TakamolE2E_SubsidyRequestForFosterFamily"/>
</testsuite> <!-- takamol.TC19_TakamolE2E_SubsidyRequestForFosterFamily -->
