<?xml version="1.0" encoding="UTF-8"?>
<!-- Generated by org.testng.reporters.JUnitReportReporter -->
<testsuite hostname="CADCVPSALUSM069" name="current.TS110_NewsScenarios" tests="1" failures="0" timestamp="1 Jun 2021 15:23:09 GMT" time="2563.157" errors="0">
  <testcase name="testCaseFlow" time="2563.157" classname="current.TS110_NewsScenarios"/>
</testsuite> <!-- current.TS110_NewsScenarios -->
