<?xml version="1.0" encoding="UTF-8"?>
<!-- Generated by org.testng.reporters.JUnitReportReporter -->
<testsuite hostname="CADCVPSALUSM069" name="service.TS132_PrintVehicleInfo" tests="1" failures="0" timestamp="26 May 2021 09:20:12 GMT" time="75.119" errors="0">
  <testcase name="testCaseFlow" time="75.119" classname="service.TS132_PrintVehicleInfo"/>
</testsuite> <!-- service.TS132_PrintVehicleInfo -->
