<?xml version="1.0" encoding="UTF-8"?>
<!-- Generated by org.testng.reporters.JUnitReportReporter -->
<testsuite hostname="CADCVPSALUSM069" name="sales.TS221_RetailPreownedCancellation" tests="1" failures="0" timestamp="31 May 2021 18:40:53 GMT" time="2153.652" errors="0">
  <testcase name="testCaseFlow" time="2153.652" classname="sales.TS221_RetailPreownedCancellation"/>
</testsuite> <!-- sales.TS221_RetailPreownedCancellation -->
