<?xml version="1.0" encoding="UTF-8"?>
<!-- Generated by org.testng.reporters.JUnitReportReporter -->
<testsuite hostname="CADCVPSALUSM069" name="sales.TS218_UserShouldAbleToPerformActionRetailSummaryPage" tests="1" failures="0" timestamp="31 May 2021 18:40:53 GMT" time="289.780" errors="0">
  <testcase name="testCaseFlow" time="289.780" classname="sales.TS218_UserShouldAbleToPerformActionRetailSummaryPage"/>
</testsuite> <!-- sales.TS218_UserShouldAbleToPerformActionRetailSummaryPage -->
