<?xml version="1.0" encoding="UTF-8"?>
<!-- Generated by org.testng.reporters.JUnitReportReporter -->
<testsuite hostname="APPCWLAP1261" name="takamol.TC01_TakamolE2E_LORServiceRequest" tests="1" failures="0" timestamp="29 Mar 2023 18:14:29 GMT" time="0.977" errors="1">
  <testcase name="testCaseFlow" time="0.977" classname="takamol.TC01_TakamolE2E_LORServiceRequest">
    <error type="java.lang.NoSuchMethodError" message="com.google.common.collect.ImmutableList.copyOf([Ljava/lang/Object;)Lcom/google/common/collect/ImmutableList;">
      <![CDATA[java.lang.NoSuchMethodError: com.google.common.collect.ImmutableList.copyOf([Ljava/lang/Object;)Lcom/google/common/collect/ImmutableList;
	at org.openqa.selenium.chrome.ChromeOptions.addArguments(ChromeOptions.java:106)
	at coreFramework.CommonWebActions.launchWin(CommonWebActions.java:115)
	at coreFramework.CommonWebActions.launch(CommonWebActions.java:72)
	at applicationSpecific.AUT.login(AUT.java:104)
	at takamol.TC01_TakamolE2E_LORServiceRequest.testCaseFlow(TC01_TakamolE2E_LORServiceRequest.java:49)
	at sun.reflect.NativeMethodAccessorImpl.invoke0(Native Method)
	at sun.reflect.NativeMethodAccessorImpl.invoke(NativeMethodAccessorImpl.java:62)
	at sun.reflect.DelegatingMethodAccessorImpl.invoke(DelegatingMethodAccessorImpl.java:43)
	at java.lang.reflect.Method.invoke(Method.java:498)
	at org.testng.internal.MethodInvocationHelper.invokeMethod(MethodInvocationHelper.java:85)
	at org.testng.internal.Invoker.invokeMethod(Invoker.java:659)
	at org.testng.internal.Invoker.invokeTestMethod(Invoker.java:845)
	at org.testng.internal.Invoker.invokeTestMethods(Invoker.java:1153)
	at org.testng.internal.TestMethodWorker.invokeTestMethods(TestMethodWorker.java:125)
	at org.testng.internal.TestMethodWorker.run(TestMethodWorker.java:108)
	at org.testng.TestRunner.privateRun(TestRunner.java:771)
	at org.testng.TestRunner.run(TestRunner.java:621)
	at org.testng.SuiteRunner.runTest(SuiteRunner.java:357)
	at org.testng.SuiteRunner.runSequentially(SuiteRunner.java:352)
	at org.testng.SuiteRunner.privateRun(SuiteRunner.java:310)
	at org.testng.SuiteRunner.run(SuiteRunner.java:259)
	at org.testng.SuiteRunnerWorker.runSuite(SuiteRunnerWorker.java:52)
	at org.testng.SuiteRunnerWorker.run(SuiteRunnerWorker.java:86)
	at org.testng.TestNG.runSuitesSequentially(TestNG.java:1199)
	at org.testng.TestNG.runSuitesLocally(TestNG.java:1124)
	at org.testng.TestNG.run(TestNG.java:1032)
	at org.testng.remote.AbstractRemoteTestNG.run(AbstractRemoteTestNG.java:114)
	at org.testng.remote.RemoteTestNG.initAndRun(RemoteTestNG.java:251)
	at org.testng.remote.RemoteTestNG.main(RemoteTestNG.java:77)
]]>
    </error>
  </testcase> <!-- testCaseFlow -->
</testsuite> <!-- takamol.TC01_TakamolE2E_LORServiceRequest -->
