<?xml version="1.0" encoding="UTF-8"?>
<!-- Generated by org.testng.reporters.JUnitReportReporter -->
<testsuite hostname="CADCVPSALUSM069" name="sales.TS204_DDRNewScreen7And17DigitsVINSearch" tests="1" failures="0" timestamp="31 May 2021 18:40:53 GMT" time="904.629" errors="0">
  <testcase name="testCaseFlow" time="904.629" classname="sales.TS204_DDRNewScreen7And17DigitsVINSearch"/>
</testsuite> <!-- sales.TS204_DDRNewScreen7And17DigitsVINSearch -->
