<?xml version="1.0" encoding="UTF-8"?>
<!-- Generated by org.testng.reporters.JUnitReportReporter -->
<testsuite hostname="CADCVPSALUSM069" name="current.TS105_HelpAndSupport" tests="1" failures="0" timestamp="1 Jun 2021 15:23:09 GMT" time="956.312" errors="0">
  <testcase name="testCaseFlow" time="956.312" classname="current.TS105_HelpAndSupport"/>
</testsuite> <!-- current.TS105_HelpAndSupport -->
