<?xml version="1.0" encoding="UTF-8"?>
<!-- Generated by org.testng.reporters.JUnitReportReporter -->
<testsuite hostname="CADCVPSALUSM069" name="sales.TS201_Configure" tests="1" failures="0" timestamp="31 May 2021 18:40:53 GMT" time="1960.818" errors="0">
  <testcase name="testCaseFlow" time="1960.818" classname="sales.TS201_Configure"/>
</testsuite> <!-- sales.TS201_Configure -->
