<?xml version="1.0" encoding="UTF-8"?>
<!-- Generated by org.testng.reporters.JUnitReportReporter -->
<testsuite hostname="APPCWLAP1051" name="takamol.TC08_TakamolE2E_FinancialAidRequest" tests="1" failures="0" timestamp="15 Feb 2023 12:54:12 GMT" time="86.416" errors="0">
  <testcase name="testCaseFlow" time="86.416" classname="takamol.TC08_TakamolE2E_FinancialAidRequest"/>
</testsuite> <!-- takamol.TC08_TakamolE2E_FinancialAidRequest -->
