<?xml version="1.0" encoding="UTF-8"?>
<!-- Generated by org.testng.reporters.JUnitReportReporter -->
<testsuite hostname="APPCWLAP1051" name="takamol.TC15_TakamolE2E_VocationalTraining" tests="1" failures="0" timestamp="1 Mar 2023 06:59:31 GMT" time="364.862" errors="0">
  <testcase name="testCaseFlow" time="364.862" classname="takamol.TC15_TakamolE2E_VocationalTraining"/>
</testsuite> <!-- takamol.TC15_TakamolE2E_VocationalTraining -->
