<?xml version="1.0" encoding="UTF-8"?>
<!-- Generated by org.testng.reporters.JUnitReportReporter -->
<testsuite hostname="APPCWLAP1051" name="takamol.TC03_TakamolE2E_MyRoleModelProgram" tests="1" failures="0" timestamp="16 Feb 2023 11:01:34 GMT" time="459.720" errors="0">
  <testcase name="testCaseFlow" time="459.720" classname="takamol.TC03_TakamolE2E_MyRoleModelProgram"/>
</testsuite> <!-- takamol.TC03_TakamolE2E_MyRoleModelProgram -->
