<?xml version="1.0" encoding="UTF-8"?>
<!-- Generated by org.testng.reporters.JUnitReportReporter -->
<testsuite hostname="APPCWLAP1051" name="takamol.TC07_TakomalE2E_DisabilityIDcard" tests="1" failures="0" timestamp="28 Feb 2023 06:48:29 GMT" time="351.851" errors="0">
  <testcase name="testCaseFlow" time="351.851" classname="takamol.TC07_TakomalE2E_DisabilityIDcard"/>
</testsuite> <!-- takamol.TC07_TakomalE2E_DisabilityIDcard -->
