<?xml version="1.0" encoding="UTF-8"?>
<!-- Generated by org.testng.reporters.JUnitReportReporter -->
<testsuite hostname="CADCVPSALUSM069" name="service.TS175_RegReturnScannedHeldDeletedPartsValidation" tests="1" failures="0" timestamp="2 Jun 2021 15:56:31 GMT" time="448.626" errors="0">
  <testcase name="testCaseFlow" time="448.626" classname="service.TS175_RegReturnScannedHeldDeletedPartsValidation"/>
</testsuite> <!-- service.TS175_RegReturnScannedHeldDeletedPartsValidation -->
