<?xml version="1.0" encoding="UTF-8"?>
<!-- Generated by org.testng.reporters.JUnitReportReporter -->
<testsuite hostname="CADCVPSALUSM069" name="service.TS128_LaunchOwnerInfoLink" tests="1" failures="0" timestamp="26 May 2021 09:20:12 GMT" time="161.835" errors="0">
  <testcase name="testCaseFlow" time="161.835" classname="service.TS128_LaunchOwnerInfoLink"/>
</testsuite> <!-- service.TS128_LaunchOwnerInfoLink -->
