<?xml version="1.0" encoding="UTF-8"?>
<!-- Generated by org.testng.reporters.JUnitReportReporter -->
<testsuite hostname="CADCVPSALUSM069" name="current.TS111_NoticationsScenarios" tests="1" failures="0" timestamp="1 Jun 2021 15:23:09 GMT" time="1446.040" errors="0">
  <testcase name="testCaseFlow" time="1446.040" classname="current.TS111_NoticationsScenarios"/>
</testsuite> <!-- current.TS111_NoticationsScenarios -->
