<?xml version="1.0" encoding="UTF-8"?>
<!-- Generated by org.testng.reporters.JUnitReportReporter -->
<testsuite hostname="CADCVPSALUSM069" name="current.TS102_LeftNavigation" tests="1" failures="0" timestamp="1 Jun 2021 15:23:09 GMT" time="106.488" errors="0">
  <testcase name="testCaseFlow" time="106.488" classname="current.TS102_LeftNavigation"/>
</testsuite> <!-- current.TS102_LeftNavigation -->
