<?xml version="1.0" encoding="UTF-8"?>
<!-- Generated by org.testng.reporters.JUnitReportReporter -->
<testsuite hostname="CADCVPSALUSM069" name="service.TS134_SearchVMI" tests="1" failures="0" timestamp="26 May 2021 09:20:12 GMT" time="170.149" errors="0">
  <testcase name="testCaseFlow" time="170.149" classname="service.TS134_SearchVMI"/>
</testsuite> <!-- service.TS134_SearchVMI -->
