<?xml version="1.0" encoding="UTF-8"?>
<!-- Generated by org.testng.reporters.JUnitReportReporter -->
<testsuite hostname="CADCVPSALUSM069" name="current.TS113_WidgetScenarios" tests="1" failures="0" timestamp="1 Jun 2021 15:23:09 GMT" time="325.174" errors="0">
  <testcase name="testCaseFlow" time="325.174" classname="current.TS113_WidgetScenarios"/>
</testsuite> <!-- current.TS113_WidgetScenarios -->
