<?xml version="1.0" encoding="UTF-8"?>
<!-- Generated by org.testng.reporters.JUnitReportReporter -->
<testsuite hostname="CADCVPSALUSM069" name="wsgonline.TS150_SearchByDate" tests="1" failures="0" timestamp="2 Jun 2021 15:56:31 GMT" time="74.822" errors="0">
  <testcase name="testCaseFlow" time="74.822" classname="wsgonline.TS150_SearchByDate"/>
</testsuite> <!-- wsgonline.TS150_SearchByDate -->
