<?xml version="1.0" encoding="UTF-8"?>
<!-- Generated by org.testng.reporters.JUnitReportReporter -->
<testsuite hostname="CADCVPSALUSM069" name="sales.TS173_RegValidateMSRPDetailsOfVAN" tests="1" failures="0" timestamp="31 May 2021 18:40:53 GMT" time="83.536" errors="0">
  <testcase name="testCaseFlow" time="83.536" classname="sales.TS173_RegValidateMSRPDetailsOfVAN"/>
</testsuite> <!-- sales.TS173_RegValidateMSRPDetailsOfVAN -->
