<?xml version="1.0" encoding="UTF-8"?>
<!-- Generated by org.testng.reporters.JUnitReportReporter -->
<testsuite hostname="APPCWLAP1051" name="takamol.TC07_TakamolE2E_StateFeeBearingProgram" tests="1" failures="0" timestamp="16 Feb 2023 13:40:01 GMT" time="194.094" errors="0">
  <testcase name="testCaseFlow" time="194.094" classname="takamol.TC07_TakamolE2E_StateFeeBearingProgram"/>
</testsuite> <!-- takamol.TC07_TakamolE2E_StateFeeBearingProgram -->
