<?xml version="1.0" encoding="UTF-8"?>
<!-- Generated by org.testng.reporters.JUnitReportReporter -->
<testsuite hostname="APPCWLAP1051" name="takamol.TC25_TakamolE2E_RequestToIssueIdentificationPapers" tests="1" failures="0" timestamp="27 Feb 2023 06:31:49 GMT" time="162.927" errors="0">
  <testcase name="testCaseFlow" time="162.927" classname="takamol.TC25_TakamolE2E_RequestToIssueIdentificationPapers"/>
</testsuite> <!-- takamol.TC25_TakamolE2E_RequestToIssueIdentificationPapers -->
