<?xml version="1.0" encoding="UTF-8"?>
<!-- Generated by org.testng.reporters.JUnitReportReporter -->
<testsuite hostname="APPCWLAP1051" name="takamol.TC06_TakamolE2E_MedicalOrSupportiveDevicesService" tests="1" failures="0" timestamp="16 Feb 2023 05:46:51 GMT" time="94.966" errors="0">
  <testcase name="testCaseFlow" time="94.966" classname="takamol.TC06_TakamolE2E_MedicalOrSupportiveDevicesService"/>
</testsuite> <!-- takamol.TC06_TakamolE2E_MedicalOrSupportiveDevicesService -->
