<?xml version="1.0" encoding="UTF-8"?>
<!-- Generated by org.testng.reporters.JUnitReportReporter -->
<testsuite hostname="APPCWLAP1051" name="takamol.TC09_TakamolE2E_FosterFamiliesProgram" tests="1" failures="0" timestamp="16 Feb 2023 12:56:14 GMT" time="484.721" errors="0">
  <testcase name="testCaseFlow" time="484.721" classname="takamol.TC09_TakamolE2E_FosterFamiliesProgram"/>
</testsuite> <!-- takamol.TC09_TakamolE2E_FosterFamiliesProgram -->
