<?xml version="1.0" encoding="UTF-8"?>
<!-- Generated by org.testng.reporters.JUnitReportReporter -->
<testsuite hostname="CADCVPSALUSM069" name="sales.TS188_UserShouldAbleToNavigateToVMIfromRetailNewScren" tests="1" failures="0" timestamp="31 May 2021 18:40:53 GMT" time="325.112" errors="0">
  <testcase name="testCaseFlow" time="325.112" classname="sales.TS188_UserShouldAbleToNavigateToVMIfromRetailNewScren"/>
</testsuite> <!-- sales.TS188_UserShouldAbleToNavigateToVMIfromRetailNewScren -->
