<?xml version="1.0" encoding="UTF-8"?>
<!-- Generated by org.testng.reporters.JUnitReportReporter -->
<testsuite hostname="CADCVPSALUSM069" name="sales.TS192_RegValidateControlInquiryPage" tests="1" failures="0" timestamp="31 May 2021 18:40:53 GMT" time="1464.172" errors="0">
  <testcase name="testCaseFlow" time="1464.172" classname="sales.TS192_RegValidateControlInquiryPage"/>
</testsuite> <!-- sales.TS192_RegValidateControlInquiryPage -->
