<?xml version="1.0" encoding="UTF-8"?>
<!-- Generated by org.testng.reporters.JUnitReportReporter -->
<testsuite hostname="APPCWLAP1051" name="takamol.TC16_TakamolE2E_InvestmentAccount" tests="1" failures="0" timestamp="27 Feb 2023 06:31:49 GMT" time="46.304" errors="0">
  <testcase name="testCaseFlow" time="46.304" classname="takamol.TC16_TakamolE2E_InvestmentAccount"/>
</testsuite> <!-- takamol.TC16_TakamolE2E_InvestmentAccount -->
