<?xml version="1.0" encoding="UTF-8"?>
<!-- Generated by org.testng.reporters.JUnitReportReporter -->
<testsuite hostname="CADCVPSALUSM069" name="service.TS169_Recall_ExportsearchresultsinExcelfile" tests="1" failures="0" timestamp="26 May 2021 09:20:12 GMT" time="85.596" errors="0">
  <testcase name="testCaseFlow" time="85.596" classname="service.TS169_Recall_ExportsearchresultsinExcelfile"/>
</testsuite> <!-- service.TS169_Recall_ExportsearchresultsinExcelfile -->
