<?xml version="1.0" encoding="UTF-8"?>
<!-- Generated by org.testng.reporters.JUnitReportReporter -->
<testsuite hostname="CADCVPSALUSM069" name="sales.TS186_AbleToDoMultilevelSortTheResultsByColumnForCars" tests="1" failures="0" timestamp="31 May 2021 18:40:53 GMT" time="143.156" errors="0">
  <testcase name="testCaseFlow" time="143.156" classname="sales.TS186_AbleToDoMultilevelSortTheResultsByColumnForCars"/>
</testsuite> <!-- sales.TS186_AbleToDoMultilevelSortTheResultsByColumnForCars -->
