<?xml version="1.0" encoding="UTF-8"?>
<!-- Generated by org.testng.reporters.JUnitReportReporter -->
<testsuite hostname="CADCVPSALUSM069" name="current.TS107_Dealership" tests="1" failures="0" timestamp="1 Jun 2021 15:23:09 GMT" time="3796.373" errors="0">
  <testcase name="testCaseFlow" time="3796.373" classname="current.TS107_Dealership"/>
</testsuite> <!-- current.TS107_Dealership -->
