<?xml version="1.0" encoding="UTF-8"?>
<!-- Generated by org.testng.reporters.JUnitReportReporter -->
<testsuite hostname="CADCVPSALUSM069" name="wsgonline.TS149_SearchByProbCatVehicleTypeStatus" tests="1" failures="0" timestamp="2 Jun 2021 15:56:31 GMT" time="79.596" errors="0">
  <testcase name="testCaseFlow" time="79.596" classname="wsgonline.TS149_SearchByProbCatVehicleTypeStatus"/>
</testsuite> <!-- wsgonline.TS149_SearchByProbCatVehicleTypeStatus -->
