<?xml version="1.0" encoding="UTF-8"?>
<!-- Generated by org.testng.reporters.JUnitReportReporter -->
<testsuite hostname="CADCVPSALUSM069" name="sales.TS189_UserShouldBeAbleToNavigateToActionMenuePagesFromRetailPREOWNED" tests="1" failures="0" timestamp="31 May 2021 18:40:53 GMT" time="890.289" errors="0">
  <testcase name="testCaseFlow" time="890.289" classname="sales.TS189_UserShouldBeAbleToNavigateToActionMenuePagesFromRetailPREOWNED"/>
</testsuite> <!-- sales.TS189_UserShouldBeAbleToNavigateToActionMenuePagesFromRetailPREOWNED -->
