<?xml version="1.0" encoding="UTF-8"?>
<!-- Generated by org.testng.reporters.JUnitReportReporter -->
<testsuite hostname="APPCWLAP1051" name="takamol.TC26_TakamolE2E_OnlineAppointmentBooking" tests="1" failures="0" timestamp="17 Feb 2023 06:30:14 GMT" time="101.574" errors="0">
  <testcase name="testCaseFlow" time="101.574" classname="takamol.TC26_TakamolE2E_OnlineAppointmentBooking"/>
</testsuite> <!-- takamol.TC26_TakamolE2E_OnlineAppointmentBooking -->
