<?xml version="1.0" encoding="UTF-8"?>
<!-- Generated by org.testng.reporters.JUnitReportReporter -->
<testsuite hostname="APPCWLAP1051" name="takamol.TC11_TakamolE2E_ObjectionService" tests="1" failures="0" timestamp="16 Feb 2023 08:24:46 GMT" time="33.284" errors="0">
  <testcase name="testCaseFlow" time="33.284" classname="takamol.TC11_TakamolE2E_ObjectionService"/>
</testsuite> <!-- takamol.TC11_TakamolE2E_ObjectionService -->
