<?xml version="1.0" encoding="UTF-8"?>
<!-- Generated by org.testng.reporters.JUnitReportReporter -->
<testsuite hostname="APPCWLAP1051" name="takamol.TC13_TakamolE2E_IssueOfDisabledScense" tests="1" failures="0" timestamp="15 Feb 2023 13:52:19 GMT" time="59.344" errors="0">
  <testcase name="testCaseFlow" time="59.344" classname="takamol.TC13_TakamolE2E_IssueOfDisabledScense"/>
</testsuite> <!-- takamol.TC13_TakamolE2E_IssueOfDisabledScense -->
