<?xml version="1.0" encoding="UTF-8"?>
<!-- Generated by org.testng.reporters.JUnitReportReporter -->
<testsuite hostname="CADCVPSALUSM069" name="current.TS112_DirectoryScenarios" tests="1" failures="0" timestamp="1 Jun 2021 15:23:09 GMT" time="1109.188" errors="0">
  <testcase name="testCaseFlow" time="1109.188" classname="current.TS112_DirectoryScenarios"/>
</testsuite> <!-- current.TS112_DirectoryScenarios -->
