<?xml version="1.0" encoding="UTF-8"?>
<!-- Generated by org.testng.reporters.JUnitReportReporter -->
<testsuite hostname="APPCWLAP1051" name="takamol.TC04_TakamolE2E_SocialRecords" tests="1" failures="0" timestamp="16 Feb 2023 05:51:32 GMT" time="115.979" errors="0">
  <testcase name="testCaseFlow" time="115.979" classname="takamol.TC04_TakamolE2E_SocialRecords"/>
</testsuite> <!-- takamol.TC04_TakamolE2E_SocialRecords -->
