<?xml version="1.0" encoding="UTF-8"?>
<!-- Generated by org.testng.reporters.JUnitReportReporter -->
<testsuite hostname="APPCWLAP1051" name="takamol.TC17_TakamolE2E_OnlineAppointmentBooking" tests="1" failures="0" timestamp="27 Feb 2023 06:31:49 GMT" time="91.979" errors="0">
  <testcase name="testCaseFlow" time="91.979" classname="takamol.TC17_TakamolE2E_OnlineAppointmentBooking"/>
</testsuite> <!-- takamol.TC17_TakamolE2E_OnlineAppointmentBooking -->
