<?xml version="1.0" encoding="UTF-8"?>
<!-- Generated by org.testng.reporters.JUnitReportReporter -->
<testsuite hostname="CADCVPSALUSM069" name="wsgonline.TS154_ValidateCaseProblem" tests="1" failures="0" timestamp="2 Jun 2021 15:56:31 GMT" time="240.306" errors="0">
  <testcase name="testCaseFlow" time="240.306" classname="wsgonline.TS154_ValidateCaseProblem"/>
</testsuite> <!-- wsgonline.TS154_ValidateCaseProblem -->
