<?xml version="1.0" encoding="UTF-8"?>
<!-- Generated by org.testng.reporters.JUnitReportReporter -->
<testsuite hostname="APPCWLAP1051" name="takamol.TC16_TakamolE2E_DomesticLaborFees" tests="1" failures="0" timestamp="15 Feb 2023 13:54:59 GMT" time="50.875" errors="0">
  <testcase name="testCaseFlow" time="50.875" classname="takamol.TC16_TakamolE2E_DomesticLaborFees"/>
</testsuite> <!-- takamol.TC16_TakamolE2E_DomesticLaborFees -->
