<?xml version="1.0" encoding="UTF-8"?>
<!-- Generated by org.testng.reporters.JUnitReportReporter -->
<testsuite hostname="APPCWLAP1051" name="takamol.TC17_TakamolE2E_DisabilityClassificationServiceForUniversityStudents" tests="1" failures="0" timestamp="15 Feb 2023 13:53:22 GMT" time="47.561" errors="0">
  <testcase name="testCaseFlow" time="47.561" classname="takamol.TC17_TakamolE2E_DisabilityClassificationServiceForUniversityStudents"/>
</testsuite> <!-- takamol.TC17_TakamolE2E_DisabilityClassificationServiceForUniversityStudents -->
