<?xml version="1.0" encoding="UTF-8"?>
<!-- Generated by org.testng.reporters.JUnitReportReporter -->
<testsuite hostname="CADCVPSALUSM069" name="service.TS139_NavigateToRAPS" tests="1" failures="0" timestamp="26 May 2021 09:20:12 GMT" time="662.749" errors="0">
  <testcase name="testCaseFlow" time="662.749" classname="service.TS139_NavigateToRAPS"/>
</testsuite> <!-- service.TS139_NavigateToRAPS -->
