<?xml version="1.0" encoding="UTF-8"?>
<!-- Generated by org.testng.reporters.JUnitReportReporter -->
<testsuite hostname="CADCVPSALUSM069" name="service.TS137_Smoke_ValidateELW_CPO_PPM_UI_Fields" tests="1" failures="0" timestamp="26 May 2021 09:20:12 GMT" time="129.670" errors="0">
  <testcase name="testCaseFlow" time="129.670" classname="service.TS137_Smoke_ValidateELW_CPO_PPM_UI_Fields"/>
</testsuite> <!-- service.TS137_Smoke_ValidateELW_CPO_PPM_UI_Fields -->
