<?xml version="1.0" encoding="UTF-8"?>
<!-- Generated by org.testng.reporters.JUnitReportReporter -->
<testsuite hostname="LAPTOP-GCVL1K61" name="takamol.TC_Demo" tests="1" failures="0" timestamp="12 Jan 2023 11:05:27 GMT" time="19.550" errors="0">
  <testcase name="testCaseFlow" time="19.550" classname="takamol.TC_Demo"/>
</testsuite> <!-- takamol.TC_Demo -->
