<?xml version="1.0" encoding="UTF-8"?>
<!-- Generated by org.testng.reporters.JUnitReportReporter -->
<testsuite hostname="CADCVPSALUSM069" name="sales.TS183_NavigateToVIIfromSearchResultForCars" tests="1" failures="0" timestamp="31 May 2021 18:40:53 GMT" time="83.095" errors="0">
  <testcase name="testCaseFlow" time="83.095" classname="sales.TS183_NavigateToVIIfromSearchResultForCars"/>
</testsuite> <!-- sales.TS183_NavigateToVIIfromSearchResultForCars -->
