<?xml version="1.0" encoding="UTF-8"?>
<!-- Generated by org.testng.reporters.JUnitReportReporter -->
<testsuite hostname="CADCVPSALUSM069" name="sales.TS202_Invoice" tests="1" failures="0" timestamp="31 May 2021 18:40:53 GMT" time="93.598" errors="0">
  <testcase name="testCaseFlow" time="93.598" classname="sales.TS202_Invoice"/>
</testsuite> <!-- sales.TS202_Invoice -->
